<?xml version="1.0" encoding="UTF-8"?>
<!-- Generated by org.testng.reporters.JUnitReportReporter -->
<testsuite hostname="DESKTOP-JUVN070" failures="0" tests="1" name="testpackage.LoginTest" time="3.615" errors="0" timestamp="2022-02-05T16:32:08 CST" skipped="0">
  <testcase classname="testpackage.LoginTest" name="verifiedUserShouldBeAbleToLogin" time="3.615"/>
  <system-out/>
</testsuite> <!-- testpackage.LoginTest -->
