<?xml version="1.0" encoding="UTF-8"?>
<!-- Generated by org.testng.reporters.JUnitReportReporter -->
<testsuite hostname="DESKTOP-JUVN070" failures="0" tests="1" name="testpackage.AddContactTest" time="5.035" errors="0" timestamp="2022-02-06T07:33:34 CST" skipped="0">
  <testcase classname="testpackage.AddContactTest" name="validUserShouldBeAbleToAddCustomer" time="5.035"/>
  <system-out/>
</testsuite> <!-- testpackage.AddContactTest -->
